2025-12-05T22:02:50.805+06:00  INFO 55255 --- [ai-paradox] [main] c.i.ai_paradox.AiParadoxApplication      : Starting AiParadoxApplication using Java 24 with PID 55255 (/Users/iftekhar/Projects/ai-paradox/target/classes started by iftekhar in /Users/iftekhar/Projects/ai-paradox)
2025-12-05T22:02:50.806+06:00  INFO 55255 --- [ai-paradox] [main] c.i.ai_paradox.AiParadoxApplication      : No active profile set, falling back to 1 default profile: "default"
2025-12-05T22:02:51.246+06:00  INFO 55255 --- [ai-paradox] [main] .s.d.r.c.RepositoryConfigurationDelegate : Bootstrapping Spring Data JPA repositories in DEFAULT mode.
2025-12-05T22:02:51.334+06:00  INFO 55255 --- [ai-paradox] [main] .s.d.r.c.RepositoryConfigurationDelegate : Finished Spring Data repository scanning in 81 ms. Found 4 JPA repository interfaces.
2025-12-05T22:02:51.649+06:00  INFO 55255 --- [ai-paradox] [main] o.s.b.w.embedded.tomcat.TomcatWebServer  : Tomcat initialized with port 8080 (http)
2025-12-05T22:02:51.657+06:00  INFO 55255 --- [ai-paradox] [main] o.apache.catalina.core.StandardService   : Starting service [Tomcat]
2025-12-05T22:02:51.657+06:00  INFO 55255 --- [ai-paradox] [main] o.apache.catalina.core.StandardEngine    : Starting Servlet engine: [Apache Tomcat/10.1.49]
2025-12-05T22:02:51.679+06:00  INFO 55255 --- [ai-paradox] [main] o.a.c.c.C.[Tomcat].[localhost].[/]       : Initializing Spring embedded WebApplicationContext
2025-12-05T22:02:51.680+06:00  INFO 55255 --- [ai-paradox] [main] w.s.c.ServletWebServerApplicationContext : Root WebApplicationContext: initialization completed in 852 ms
2025-12-05T22:02:51.841+06:00  INFO 55255 --- [ai-paradox] [main] com.zaxxer.hikari.HikariDataSource       : HikariPool-1 - Starting...
2025-12-05T22:02:52.096+06:00  INFO 55255 --- [ai-paradox] [main] com.zaxxer.hikari.pool.HikariPool        : HikariPool-1 - Added connection com.mysql.cj.jdbc.ConnectionImpl@1008df1e
2025-12-05T22:02:52.097+06:00  INFO 55255 --- [ai-paradox] [main] com.zaxxer.hikari.HikariDataSource       : HikariPool-1 - Start completed.
2025-12-05T22:02:52.145+06:00  INFO 55255 --- [ai-paradox] [main] org.flywaydb.core.FlywayExecutor         : Database: jdbc:mysql://localhost:3306/ai_paradox (MySQL 8.0)
2025-12-05T22:02:52.196+06:00  INFO 55255 --- [ai-paradox] [main] o.f.core.internal.command.DbValidate     : Successfully validated 7 migrations (execution time 00:00.025s)
2025-12-05T22:02:52.210+06:00  INFO 55255 --- [ai-paradox] [main] o.f.core.internal.command.DbMigrate      : Current version of schema `ai_paradox`: 7
2025-12-05T22:02:52.212+06:00  INFO 55255 --- [ai-paradox] [main] o.f.core.internal.command.DbMigrate      : Schema `ai_paradox` is up to date. No migration necessary.
2025-12-05T22:02:52.255+06:00  INFO 55255 --- [ai-paradox] [main] o.hibernate.jpa.internal.util.LogHelper  : HHH000204: Processing PersistenceUnitInfo [name: default]
2025-12-05T22:02:52.282+06:00  INFO 55255 --- [ai-paradox] [main] org.hibernate.Version                    : HHH000412: Hibernate ORM core version 6.6.36.Final
2025-12-05T22:02:52.313+06:00  INFO 55255 --- [ai-paradox] [main] o.h.c.internal.RegionFactoryInitiator    : HHH000026: Second-level cache disabled
2025-12-05T22:02:52.522+06:00  INFO 55255 --- [ai-paradox] [main] o.s.o.j.p.SpringPersistenceUnitInfo      : No LoadTimeWeaver setup: ignoring JPA class transformer
2025-12-05T22:02:52.567+06:00  WARN 55255 --- [ai-paradox] [main] org.hibernate.orm.deprecation            : HHH90000025: MySQLDialect does not need to be specified explicitly using 'hibernate.dialect' (remove the property setting and it will be selected by default)
2025-12-05T22:02:52.574+06:00  INFO 55255 --- [ai-paradox] [main] org.hibernate.orm.connections.pooling    : HHH10001005: Database info:
	Database JDBC URL [Connecting through datasource 'HikariDataSource (HikariPool-1)']
	Database driver: undefined/unknown
	Database version: 8.0.44
	Autocommit mode: undefined/unknown
	Isolation level: undefined/unknown
	Minimum pool size: undefined/unknown
	Maximum pool size: undefined/unknown
2025-12-05T22:02:53.112+06:00  INFO 55255 --- [ai-paradox] [main] o.h.e.t.j.p.i.JtaPlatformInitiator       : HHH000489: No JTA platform available (set 'hibernate.transaction.jta.platform' to enable JTA platform integration)
2025-12-05T22:02:53.198+06:00  INFO 55255 --- [ai-paradox] [main] j.LocalContainerEntityManagerFactoryBean : Initialized JPA EntityManagerFactory for persistence unit 'default'
2025-12-05T22:02:53.546+06:00  INFO 55255 --- [ai-paradox] [main] o.s.d.j.r.query.QueryEnhancerFactory     : Hibernate is in classpath; If applicable, HQL parser will be used.
2025-12-05T22:02:53.930+06:00  WARN 55255 --- [ai-paradox] [main] JpaBaseConfiguration$JpaWebConfiguration : spring.jpa.open-in-view is enabled by default. Therefore, database queries may be performed during view rendering. Explicitly configure spring.jpa.open-in-view to disable this warning
2025-12-05T22:02:53.943+06:00  INFO 55255 --- [ai-paradox] [main] eAuthenticationProviderManagerConfigurer : Global AuthenticationManager configured with AuthenticationProvider bean with name authenticationProvider
2025-12-05T22:02:53.943+06:00  WARN 55255 --- [ai-paradox] [main] r$InitializeUserDetailsManagerConfigurer : Global AuthenticationManager configured with an AuthenticationProvider bean. UserDetailsService beans will not be used by Spring Security for automatically configuring username/password login. Consider removing the AuthenticationProvider bean. Alternatively, consider using the UserDetailsService in a manually instantiated DaoAuthenticationProvider. If the current configuration is intentional, to turn off this warning, increase the logging level of 'org.springframework.security.config.annotation.authentication.configuration.InitializeUserDetailsBeanManagerConfigurer' to ERROR
2025-12-05T22:02:54.193+06:00  INFO 55255 --- [ai-paradox] [main] o.s.b.w.embedded.tomcat.TomcatWebServer  : Tomcat started on port 8080 (http) with context path '/'
2025-12-05T22:02:54.200+06:00  INFO 55255 --- [ai-paradox] [main] c.i.ai_paradox.AiParadoxApplication      : Started AiParadoxApplication in 3.644 seconds (process running for 3.988)
2025-12-05T22:02:59.501+06:00  INFO 55255 --- [ai-paradox] [http-nio-8080-exec-1] o.a.c.c.C.[Tomcat].[localhost].[/]       : Initializing Spring DispatcherServlet 'dispatcherServlet'
2025-12-05T22:02:59.502+06:00  INFO 55255 --- [ai-paradox] [http-nio-8080-exec-1] o.s.web.servlet.DispatcherServlet        : Initializing Servlet 'dispatcherServlet'
2025-12-05T22:02:59.506+06:00  INFO 55255 --- [ai-paradox] [http-nio-8080-exec-1] o.s.web.servlet.DispatcherServlet        : Completed initialization in 4 ms
2025-12-05T22:02:59.699+06:00  WARN 55255 --- [ai-paradox] [http-nio-8080-exec-1] actStandardFragmentInsertionTagProcessor : [THYMELEAF][http-nio-8080-exec-1][student-survey-form] Deprecated unwrapped fragment expression "fragments::header_scripts" found in template student-survey-form, line 9, col 15. Please use the complete syntax of fragment expressions instead ("~{fragments::header_scripts}"). The old, unwrapped syntax for fragment expressions will be removed in future versions of Thymeleaf.
2025-12-05T22:03:09.893+06:00  INFO 55255 --- [ai-paradox] [http-nio-8080-exec-3] c.i.a.controller.DashboardController     : Listing surveys - page: 0, size: 10, sortBy: createdAt, sortDir: desc
2025-12-05T22:03:09.905+06:00  INFO 55255 --- [ai-paradox] [http-nio-8080-exec-3] c.i.ai_paradox.service.SurveyService     : Fetching all surveys with pagination: Page request [number: 0, size 10, sort: createdAt: DESC]
2025-12-05T22:03:10.016+06:00  WARN 55255 --- [ai-paradox] [http-nio-8080-exec-3] actStandardFragmentInsertionTagProcessor : [THYMELEAF][http-nio-8080-exec-3][dashboard] Deprecated unwrapped fragment expression "fragments::header_scripts" found in template dashboard, line 6, col 15. Please use the complete syntax of fragment expressions instead ("~{fragments::header_scripts}"). The old, unwrapped syntax for fragment expressions will be removed in future versions of Thymeleaf.
2025-12-05T22:03:10.018+06:00  WARN 55255 --- [ai-paradox] [http-nio-8080-exec-3] actStandardFragmentInsertionTagProcessor : [THYMELEAF][http-nio-8080-exec-3][dashboard] Deprecated unwrapped fragment expression "fragments :: navbar" found in template dashboard, line 10, col 15. Please use the complete syntax of fragment expressions instead ("~{fragments :: navbar}"). The old, unwrapped syntax for fragment expressions will be removed in future versions of Thymeleaf.
2025-12-05T22:03:10.027+06:00  WARN 55255 --- [ai-paradox] [http-nio-8080-exec-3] actStandardFragmentInsertionTagProcessor : [THYMELEAF][http-nio-8080-exec-3][dashboard] Deprecated unwrapped fragment expression "fragments :: pageHeader('Dashboard')" found in template dashboard, line 11, col 15. Please use the complete syntax of fragment expressions instead ("~{fragments :: pageHeader('Dashboard')}"). The old, unwrapped syntax for fragment expressions will be removed in future versions of Thymeleaf.
2025-12-05T22:03:21.274+06:00  INFO 55255 --- [ai-paradox] [http-nio-8080-exec-8] c.i.a.controller.DashboardController     : Evaluating survey with ID: 4
2025-12-05T22:03:21.284+06:00  INFO 55255 --- [ai-paradox] [http-nio-8080-exec-8] c.i.ai_paradox.service.CtScoringService  : Starting batch evaluation for survey: 4
2025-12-05T22:03:39.849+06:00  INFO 55255 --- [ai-paradox] [http-nio-8080-exec-8] c.i.ai_paradox.service.CtScoringService  : Batch evaluation completed successfully for survey: 4
2025-12-05T22:03:39.929+06:00  INFO 55255 --- [ai-paradox] [http-nio-8080-exec-8] c.i.a.controller.DashboardController     : Successfully evaluated survey: 4
2025-12-05T22:03:39.945+06:00  INFO 55255 --- [ai-paradox] [http-nio-8080-exec-10] c.i.a.controller.DashboardController     : Listing surveys - page: 0, size: 10, sortBy: createdAt, sortDir: desc
2025-12-05T22:03:39.951+06:00  INFO 55255 --- [ai-paradox] [http-nio-8080-exec-10] c.i.ai_paradox.service.SurveyService     : Fetching all surveys with pagination: Page request [number: 0, size 10, sort: createdAt: DESC]
2025-12-05T22:03:39.984+06:00  WARN 55255 --- [ai-paradox] [http-nio-8080-exec-10] actStandardFragmentInsertionTagProcessor : [THYMELEAF][http-nio-8080-exec-10][dashboard] Deprecated unwrapped fragment expression "fragments::header_scripts" found in template dashboard, line 6, col 15. Please use the complete syntax of fragment expressions instead ("~{fragments::header_scripts}"). The old, unwrapped syntax for fragment expressions will be removed in future versions of Thymeleaf.
2025-12-05T22:03:39.986+06:00  WARN 55255 --- [ai-paradox] [http-nio-8080-exec-10] actStandardFragmentInsertionTagProcessor : [THYMELEAF][http-nio-8080-exec-10][dashboard] Deprecated unwrapped fragment expression "fragments :: navbar" found in template dashboard, line 10, col 15. Please use the complete syntax of fragment expressions instead ("~{fragments :: navbar}"). The old, unwrapped syntax for fragment expressions will be removed in future versions of Thymeleaf.
2025-12-05T22:03:39.994+06:00  WARN 55255 --- [ai-paradox] [http-nio-8080-exec-10] actStandardFragmentInsertionTagProcessor : [THYMELEAF][http-nio-8080-exec-10][dashboard] Deprecated unwrapped fragment expression "fragments :: pageHeader('Dashboard')" found in template dashboard, line 11, col 15. Please use the complete syntax of fragment expressions instead ("~{fragments :: pageHeader('Dashboard')}"). The old, unwrapped syntax for fragment expressions will be removed in future versions of Thymeleaf.
